m35fd.dasm (line 3):   [0x0000]               start:
m35fd.dasm (line 4):   [0x0000] 7C20 012D       JSR screen_init
m35fd.dasm (line 5):   [0x0002] 7C20 011A       JSR find_m35fd
m35fd.dasm (line 6):   [0x0004] 7C20 0157       JSR clearBuffer
m35fd.dasm (line 7):   [0x0006] 8401            SET A, 0
m35fd.dasm (line 7):   [0x0008] 8421            SET B, 0
m35fd.dasm (line 7):   [0x000A] 7C41 0091       SET C, insertDiskText
m35fd.dasm (line 8):   [0x000A] 7C20 0148       JSR prints
m35fd.dasm (line 9):   [0x000C]               .disk_loop:
m35fd.dasm (line 10):  [0x000C] 8401            SET A, 0
m35fd.dasm (line 11):  [0x000D] 7A40 0090       HWI [m35fd]
m35fd.dasm (line 12):  [0x000F] 8433            IFN B, 0
m35fd.dasm (line 13):  [0x0010] CF81            SET PC, .done
m35fd.dasm (line 14):  [0x0011] B781            SET PC, .disk_loop
m35fd.dasm (line 15):  [0x0012]               .done:
m35fd.dasm (line 16):  [0x0012] 7C20 0157       JSR clearBuffer
m35fd.dasm (line 17):  [0x0014] 7D40 0022       IAS handleInterrupt
m35fd.dasm (line 18):  [0x0016] 8401            SET A, 0
m35fd.dasm (line 18):  [0x0018] 8421            SET B, 0
m35fd.dasm (line 18):  [0x001A] 7C41 009E       SET C, ejectDiskText
m35fd.dasm (line 19):  [0x001A] 7C20 0148       JSR prints
m35fd.dasm (line 20):  [0x001C] 8801            SET A, 1
m35fd.dasm (line 21):  [0x001D] 7861 0090       SET X, [m35fd]
m35fd.dasm (line 22):  [0x001F] 7A40 0090       HWI [m35fd]
m35fd.dasm (line 23):  [0x0021] 8B83            SUB PC, 1
m35fd.dasm (line 24):  [0x0022]               handleInterrupt:
m35fd.dasm (line 25):  [0x0022] 6001            SET A, POP
m35fd.dasm (line 26):  [0x0023] 7D40 0000       IAS 0
m35fd.dasm (line 27):  [0x0025] 7C20 0157       JSR clearBuffer
m35fd.dasm (line 28):  [0x0027] 8801            SET A, 1
m35fd.dasm (line 29):  [0x0028] 8461            SET X, 0
m35fd.dasm (line 30):  [0x0029] 7A40 0090       HWI [m35fd]
m35fd.dasm (line 31):  [0x002B] 8401            SET A, 0
m35fd.dasm (line 31):  [0x002D] 8421            SET B, 0
m35fd.dasm (line 31):  [0x002F] 7C41 0091       SET C, insertDiskText
m35fd.dasm (line 32):  [0x002F] 7C20 0148       JSR prints
m35fd.dasm (line 33):  [0x0031]               .disk_loop:
m35fd.dasm (line 34):  [0x0031] 8401            SET A, 0
m35fd.dasm (line 35):  [0x0032] 7A40 0090       HWI [m35fd]
m35fd.dasm (line 36):  [0x0034] 8433            IFN B, 0
m35fd.dasm (line 37):  [0x0035] 7F81 0039       SET PC, .done
m35fd.dasm (line 38):  [0x0037] 7F81 0031       SET PC, .disk_loop
m35fd.dasm (line 39):  [0x0039]               .done:
m35fd.dasm (line 40):  [0x0039] 7C20 0157       JSR clearBuffer
m35fd.dasm (line 41):  [0x003B] 8401            SET A, 0
m35fd.dasm (line 41):  [0x003D] 8421            SET B, 0
m35fd.dasm (line 41):  [0x003F] 7C41 00AA       SET C, readingText
m35fd.dasm (line 42):  [0x003F] 7C20 0148       JSR prints
m35fd.dasm (line 43):  [0x0041]               dumpFirstSector:
m35fd.dasm (line 44):  [0x0041] 8C01            SET A, 2
m35fd.dasm (line 45):  [0x0042] 8461            SET X, 0
m35fd.dasm (line 46):  [0x0043] 7C81 9000       SET Y, disk_temp_mem
m35fd.dasm (line 47):  [0x0045] 7A40 0090       HWI [m35fd]
m35fd.dasm (line 48):  [0x0047] 7C01 1388       SET A, 5000
m35fd.dasm (line 49):  [0x0049]               .delay:
m35fd.dasm (line 50):  [0x0049] 8803            SUB A, 1
m35fd.dasm (line 51):  [0x004A] 8413            IFN A, 0
m35fd.dasm (line 52):  [0x004B] 7F81 0049       SET PC, .delay
m35fd.dasm (line 54):  [0x004D] 7C20 0157       JSR clearBuffer
m35fd.dasm (line 55):  [0x004F] 8401            SET A, 0
m35fd.dasm (line 55):  [0x0051] 8421            SET B, 0
m35fd.dasm (line 55):  [0x0053] 7C41 00B5       SET C, firstSectorText
m35fd.dasm (line 56):  [0x0053] 7C20 0148       JSR prints
m35fd.dasm (line 58):  [0x0055] 8401            SET A, 0
m35fd.dasm (line 58):  [0x0057] 8821            SET B, 1
m35fd.dasm (line 58):  [0x0059] 7C41 9000       SET C, disk_temp_mem
m35fd.dasm (line 59):  [0x0059] 7C20 0182       JSR dumpMem
m35fd.dasm (line 61):  [0x005B]               .delay2:
m35fd.dasm (line 62):  [0x005B] 8803            SUB A, 1
m35fd.dasm (line 63):  [0x005C] 8413            IFN A, 0
m35fd.dasm (line 64):  [0x005D] 7F81 005B       SET PC, .delay2
m35fd.dasm (line 66):  [0x005F] 7C20 0157       JSR clearBuffer
m35fd.dasm (line 67):  [0x0061] 8401            SET A, 0
m35fd.dasm (line 67):  [0x0063] 8421            SET B, 0
m35fd.dasm (line 67):  [0x0065] 7C41 00CB       SET C, endOfFirstSectorText
m35fd.dasm (line 68):  [0x0065] 7C20 0148       JSR prints
m35fd.dasm (line 70):  [0x0067] 8401            SET A, 0
m35fd.dasm (line 70):  [0x0069] 8821            SET B, 1
m35fd.dasm (line 70):  [0x006B] 7C41 91D8       SET C, disk_temp_mem + 512 - 40
m35fd.dasm (line 71):  [0x006B] 7C20 0182       JSR dumpMem
m35fd.dasm (line 73):  [0x006D]               writeSector:
m35fd.dasm (line 74):  [0x006D] 8001            SET A, 0xFFFF
m35fd.dasm (line 75):  [0x006E]               .delay:
m35fd.dasm (line 76):  [0x006E] 8803            SUB A, 1
m35fd.dasm (line 77):  [0x006F] 8413            IFN A, 0
m35fd.dasm (line 78):  [0x0070] 7F81 006E       SET PC, .delay
m35fd.dasm (line 80):  [0x0072] 7C20 0157       JSR clearBuffer
m35fd.dasm (line 81):  [0x0074] 8401            SET A, 0
m35fd.dasm (line 81):  [0x0076] 8421            SET B, 0
m35fd.dasm (line 81):  [0x0078] 7C41 00E8       SET C, writingText
m35fd.dasm (line 82):  [0x0078] 7C20 0148       JSR prints
m35fd.dasm (line 84):  [0x007A] 7FC1 FACE 9000  SET [disk_temp_mem], 0xFACE
m35fd.dasm (line 85):  [0x007D] 9001            SET A, 3
m35fd.dasm (line 86):  [0x007E] 8461            SET X, 0
m35fd.dasm (line 87):  [0x007F] 7C81 9000       SET Y, disk_temp_mem
m35fd.dasm (line 88):  [0x0081] 7A40 0090       HWI [m35fd]
m35fd.dasm (line 90):  [0x0083] 7C01 1388       SET A, 5000
m35fd.dasm (line 91):  [0x0085]               .delay1:
m35fd.dasm (line 92):  [0x0085] 8803            SUB A, 1
m35fd.dasm (line 93):  [0x0086] 8413            IFN A, 0
m35fd.dasm (line 94):  [0x0087] 7F81 0085       SET PC, .delay1
m35fd.dasm (line 96):  [0x0089] 8401            SET A, 0
m35fd.dasm (line 96):  [0x008B] 8C21            SET B, 2
m35fd.dasm (line 96):  [0x008D] 7C41 0114       SET C, done
m35fd.dasm (line 97):  [0x008D] 7C20 0148       JSR prints
m35fd.dasm (line 98):  [0x008F] 8B83            SUB PC, 1
m35fd.dasm (line 100): [0x00BC]               .equ screen_buffer 0x8000
m35fd.dasm (line 101): [0x00BC]               .equ disk_temp_mem 0x9000
m35fd.dasm (line 102): [0x0090]               m35fd:
m35fd.dasm (line 103): [0x00BC]                 .dw 0
m35fd.dasm (line 103): [0x00BC]                      0000
m35fd.dasm (line 104): [0x0091]               insertDiskText:
m35fd.dasm (line 105): [0x00BD]                 .asciiz "Insert disk."
m35fd.dasm (line 105): [0x00BD]                      0049 006E 0073 0065 0072 0074 0020 0064
m35fd.dasm (line 105): [0x00C5]                      0069 0073 006B 002E 0000
m35fd.dasm (line 106): [0x009E]               ejectDiskText:
m35fd.dasm (line 107): [0x00CA]                 .asciiz "Eject disk."
m35fd.dasm (line 107): [0x00CA]                      0045 006A 0065 0063 0074 0020 0064 0069
m35fd.dasm (line 107): [0x00D2]                      0073 006B 002E 0000
m35fd.dasm (line 108): [0x00AA]               readingText:
m35fd.dasm (line 109): [0x00D6]                 .asciiz "Reading..."
m35fd.dasm (line 109): [0x00D6]                      0052 0065 0061 0064 0069 006E 0067 002E
m35fd.dasm (line 109): [0x00DE]                      002E 002E 0000
m35fd.dasm (line 110): [0x00B5]               firstSectorText:
m35fd.dasm (line 111): [0x00E1]                 .asciiz "Dump of first sector:"
m35fd.dasm (line 111): [0x00E1]                      0044 0075 006D 0070 0020 006F 0066 0020
m35fd.dasm (line 111): [0x00E9]                      0066 0069 0072 0073 0074 0020 0073 0065
m35fd.dasm (line 111): [0x00F1]                      0063 0074 006F 0072 003A 0000
m35fd.dasm (line 112): [0x00CB]               endOfFirstSectorText:
m35fd.dasm (line 113): [0x00F7]                 .asciiz "Dump of end of first sector:"
m35fd.dasm (line 113): [0x00F7]                      0044 0075 006D 0070 0020 006F 0066 0020
m35fd.dasm (line 113): [0x00FF]                      0065 006E 0064 0020 006F 0066 0020 0066
m35fd.dasm (line 113): [0x0107]                      0069 0072 0073 0074 0020 0073 0065 0063
m35fd.dasm (line 113): [0x010F]                      0074 006F 0072 003A 0000
m35fd.dasm (line 114): [0x00E8]               writingText:
m35fd.dasm (line 115): [0x0114]                 .asciiz "Writing 0xFACE to 0x0000 of     sector 0..."
m35fd.dasm (line 115): [0x0114]                      0057 0072 0069 0074 0069 006E 0067 0020
m35fd.dasm (line 115): [0x011C]                      0030 0078 0046 0041 0043 0045 0020 0074
m35fd.dasm (line 115): [0x0124]                      006F 0020 0030 0078 0030 0030 0030 0030
m35fd.dasm (line 115): [0x012C]                      0020 006F 0066 0020 0020 0020 0020 0020
m35fd.dasm (line 115): [0x0134]                      0073 0065 0063 0074 006F 0072 0020 0030
m35fd.dasm (line 115): [0x013C]                      002E 002E 002E 0000
m35fd.dasm (line 116): [0x0114]               done:
m35fd.dasm (line 117): [0x0140]                 .asciiz "Done."
m35fd.dasm (line 117): [0x0140]                      0044 006F 006E 0065 002E 0000
m35fd.dasm (line 119): [0x011A]               find_m35fd:
m35fd.dasm (line 120): [0x011A] 0200            HWN A
m35fd.dasm (line 121): [0x011B] 8803            SUB A, 1
m35fd.dasm (line 122): [0x011C]               find_m35fd_loop:
m35fd.dasm (line 123): [0x011C] 8012            IFE A, -1
m35fd.dasm (line 124): [0x011D] 6381            SET PC, POP
m35fd.dasm (line 125): [0x011E] 0301            SET PUSH, A
m35fd.dasm (line 126): [0x011F] 0220            HWQ A
m35fd.dasm (line 127): [0x0120] 7C12 5678       IFE A, 0x5678
m35fd.dasm (line 128): [0x0122] 7C32 1234       IFE B, 0x1234
m35fd.dasm (line 129): [0x0124] 7F81 012A       SET PC, m35fd_found
m35fd.dasm (line 130): [0x0126] 6001            SET A, POP
m35fd.dasm (line 131): [0x0127] 8803            SUB A, 1
m35fd.dasm (line 132): [0x0128] 7F81 011C       SET PC, find_m35fd_loop
m35fd.dasm (line 133): [0x012A]               m35fd_found:
m35fd.dasm (line 134): [0x012A] 63C1 0090       SET [m35fd], POP
m35fd.dasm (line 135): [0x012C] 6381            SET PC, POP
m35fd.dasm (line 138): [0x012D]               screen_init:
m35fd.dasm (line 139): [0x012D] 0200            HWN A
m35fd.dasm (line 140): [0x012E] 8803            SUB A, 1
m35fd.dasm (line 141): [0x012F]               screen_init_loop:
m35fd.dasm (line 142): [0x012F] 8012            IFE A, 0xFFFF
m35fd.dasm (line 143): [0x0130] 6381            SET PC, POP
m35fd.dasm (line 144): [0x0131] 0301            SET PUSH, A
m35fd.dasm (line 145): [0x0132] 0220            HWQ A
m35fd.dasm (line 146): [0x0133] 7C12 F615       IFE A, 0xf615
m35fd.dasm (line 147): [0x0135] 7C32 7349       IFE B, 0x7349
m35fd.dasm (line 148): [0x0137] 7F81 013D       SET PC, init_screen
m35fd.dasm (line 149): [0x0139] 6001            SET A, POP
m35fd.dasm (line 150): [0x013A] 8803            SUB A, 1
m35fd.dasm (line 151): [0x013B] 7F81 012F       SET PC, screen_init_loop
m35fd.dasm (line 152): [0x013D]               init_screen:
m35fd.dasm (line 153): [0x013D] 6001            SET A, POP
m35fd.dasm (line 154): [0x013E] 00C1            SET I, A
m35fd.dasm (line 155): [0x013F] 0041            SET C, A
m35fd.dasm (line 156): [0x0140] 8401            SET A, 0
m35fd.dasm (line 157): [0x0141] 7C21 8000       SET B, screen_buffer
m35fd.dasm (line 158): [0x0143] 0A40            HWI C
m35fd.dasm (line 159): [0x0144] 0801            SET A, C
m35fd.dasm (line 160): [0x0145] 8803            SUB A, 1
m35fd.dasm (line 161): [0x0146] 7F81 012F       SET PC, screen_init_loop
m35fd.dasm (line 163): [0x0148]               prints:
m35fd.dasm (line 164): [0x0148] 7C24 0020       MUL B, 32
m35fd.dasm (line 165): [0x014A] 0402            ADD A, B
m35fd.dasm (line 166): [0x014B] 7C02 8000       ADD A, screen_buffer
m35fd.dasm (line 167): [0x014D]               prints_loop:
m35fd.dasm (line 168): [0x014D] 8552            IFE [C], 0
m35fd.dasm (line 169): [0x014E] 6381            SET PC, POP
m35fd.dasm (line 170): [0x014F] 2821            SET B, [C]
m35fd.dasm (line 171): [0x0150] 7C2B F000       BOR B, 0xF000
m35fd.dasm (line 172): [0x0152] 0501            SET [A], B
m35fd.dasm (line 173): [0x0153] 8802            ADD A, 1
m35fd.dasm (line 174): [0x0154] 8842            ADD C, 1
m35fd.dasm (line 175): [0x0155] 7F81 014D       SET PC, prints_loop
m35fd.dasm (line 178): [0x0157]               clearBuffer:
m35fd.dasm (line 179): [0x0157] B401            SET A, 12
m35fd.dasm (line 180): [0x0158] 8421            SET B, 0
m35fd.dasm (line 181): [0x0159] 6C41            SET C, SP
m35fd.dasm (line 182): [0x015A] 7F61 8180       SET SP, screen_buffer + (32 * 12)
m35fd.dasm (line 183): [0x015C]               .loop:
m35fd.dasm (line 184): [0x015C] 0701            SET PUSH, B
m35fd.dasm (line 185): [0x015D] 0701            SET PUSH, B
m35fd.dasm (line 186): [0x015E] 0701            SET PUSH, B
m35fd.dasm (line 187): [0x015F] 0701            SET PUSH, B
m35fd.dasm (line 188): [0x0160] 0701            SET PUSH, B
m35fd.dasm (line 189): [0x0161] 0701            SET PUSH, B
m35fd.dasm (line 190): [0x0162] 0701            SET PUSH, B
m35fd.dasm (line 191): [0x0163] 0701            SET PUSH, B
m35fd.dasm (line 192): [0x0164] 0701            SET PUSH, B
m35fd.dasm (line 193): [0x0165] 0701            SET PUSH, B
m35fd.dasm (line 194): [0x0166] 0701            SET PUSH, B
m35fd.dasm (line 195): [0x0167] 0701            SET PUSH, B
m35fd.dasm (line 196): [0x0168] 0701            SET PUSH, B
m35fd.dasm (line 197): [0x0169] 0701            SET PUSH, B
m35fd.dasm (line 198): [0x016A] 0701            SET PUSH, B
m35fd.dasm (line 199): [0x016B] 0701            SET PUSH, B
m35fd.dasm (line 200): [0x016C] 0701            SET PUSH, B
m35fd.dasm (line 201): [0x016D] 0701            SET PUSH, B
m35fd.dasm (line 202): [0x016E] 0701            SET PUSH, B
m35fd.dasm (line 203): [0x016F] 0701            SET PUSH, B
m35fd.dasm (line 204): [0x0170] 0701            SET PUSH, B
m35fd.dasm (line 205): [0x0171] 0701            SET PUSH, B
m35fd.dasm (line 206): [0x0172] 0701            SET PUSH, B
m35fd.dasm (line 207): [0x0173] 0701            SET PUSH, B
m35fd.dasm (line 208): [0x0174] 0701            SET PUSH, B
m35fd.dasm (line 209): [0x0175] 0701            SET PUSH, B
m35fd.dasm (line 210): [0x0176] 0701            SET PUSH, B
m35fd.dasm (line 211): [0x0177] 0701            SET PUSH, B
m35fd.dasm (line 212): [0x0178] 0701            SET PUSH, B
m35fd.dasm (line 213): [0x0179] 0701            SET PUSH, B
m35fd.dasm (line 214): [0x017A] 0701            SET PUSH, B
m35fd.dasm (line 215): [0x017B] 0701            SET PUSH, B
m35fd.dasm (line 216): [0x017C] 8803            SUB A, 1
m35fd.dasm (line 217): [0x017D] 8413            IFN A, 0
m35fd.dasm (line 218): [0x017E] 7F81 015C       SET PC, .loop
m35fd.dasm (line 219): [0x0180] 0B61            SET SP, C
m35fd.dasm (line 220): [0x0181] 6381            SET PC, POP
m35fd.dasm (line 224): [0x0182]               dumpMem:
m35fd.dasm (line 225): [0x0182] 7C24 0020       MUL B, 32
m35fd.dasm (line 226): [0x0184] 0402            ADD A, B
m35fd.dasm (line 227): [0x0185] 7C02 8000       ADD A, screen_buffer
m35fd.dasm (line 228): [0x0187]               .outerLoop:
m35fd.dasm (line 229): [0x0187] 7C12 8180       IFE A, screen_buffer + (32 * 12)
m35fd.dasm (line 230): [0x0189] 6381            SET PC, POP
m35fd.dasm (line 231): [0x018A] 2821            SET B, [C]
m35fd.dasm (line 232): [0x018B] 8842            ADD C, 1
m35fd.dasm (line 233): [0x018C] 00A1            SET Z, A
m35fd.dasm (line 234): [0x018D] 90A2            ADD Z, 3
m35fd.dasm (line 235): [0x018E]               .innerLoop:
m35fd.dasm (line 236): [0x018E] 0461            SET X, B
m35fd.dasm (line 237): [0x018F] C06A            AND X, 0xF
m35fd.dasm (line 238): [0x0190] 7C62 01A1       ADD X, .hex
m35fd.dasm (line 239): [0x0192] 2C61            SET X, [X]
m35fd.dasm (line 240): [0x0193] 7C6B F000       BOR X, 0xF000
m35fd.dasm (line 241): [0x0195] 0DA1            SET [Z], X
m35fd.dasm (line 242): [0x0196] 88A3            SUB Z, 1
m35fd.dasm (line 243): [0x0197] 942E            ASR B, 4
m35fd.dasm (line 244): [0x0198] 00B4            IFG Z, A
m35fd.dasm (line 245): [0x0199] 7F81 018E       SET PC, .innerLoop
m35fd.dasm (line 246): [0x019B] 00B2            IFE Z, A
m35fd.dasm (line 247): [0x019C] 7F81 018E       SET PC, .innerLoop
m35fd.dasm (line 248): [0x019E] A402            ADD A, 8
m35fd.dasm (line 249): [0x019F] 7F81 0187       SET PC, .outerLoop
m35fd.dasm (line 251): [0x01A1]               .hex:
m35fd.dasm (line 252): [0x01E2]                 .ascii "0123456789ABCDEF"
m35fd.dasm (line 252): [0x01E2]                      0030 0031 0032 0033 0034 0035 0036 0037
m35fd.dasm (line 252): [0x01EA]                      0038 0039 0041 0042 0043 0044 0045 0046
